<?xml version="1.0" encoding="UTF-8"?>
<testsuite xmlns:xsi="http://www.w3.org/2001/XMLSchema-instance" xsi:noNamespaceSchemaLocation="https://maven.apache.org/surefire/maven-surefire-plugin/xsd/surefire-test-report-3.0.xsd" version="3.0" name="com.qa.ims.persistence.domain.ItemTest" time="0.002" tests="18" errors="0" skipped="0" failures="0">
  <properties>
[...]
</properties>
  <testcase name="checkEqualityBetweenDifferentObjectsNullName" classname="com.qa.ims.persistence.domain.ItemTest" time="0"/>
  <testcase name="constructorWithoutId" classname="com.qa.ims.persistence.domain.ItemTest" time="0"/>
  <testcase name="itemNameNullButOtherNameNotNull" classname="com.qa.ims.persistence.domain.ItemTest" time="0"/>
  <testcase name="checkEqualityBetweenDifferentObjects" classname="com.qa.ims.persistence.domain.ItemTest" time="0"/>
  <testcase name="checkEquality" classname="com.qa.ims.persistence.domain.ItemTest" time="0"/>
  <testcase name="nullId" classname="com.qa.ims.persistence.domain.ItemTest" time="0"/>
  <testcase name="otherItemValueDifferent" classname="com.qa.ims.persistence.domain.ItemTest" time="0"/>
  <testcase name="nullItemValueOnBoth" classname="com.qa.ims.persistence.domain.ItemTest" time="0"/>
  <testcase name="equalsWithNull" classname="com.qa.ims.persistence.domain.ItemTest" time="0"/>
  <testcase name="nullIdOnBoth" classname="com.qa.ims.persistence.domain.ItemTest" time="0"/>
  <testcase name="nullItemValue" classname="com.qa.ims.persistence.domain.ItemTest" time="0"/>
  <testcase name="equalsWithDifferentObject" classname="com.qa.ims.persistence.domain.ItemTest" time="0"/>
  <testcase name="toStringTest" classname="com.qa.ims.persistence.domain.ItemTest" time="0"/>
  <testcase name="settersTest" classname="com.qa.ims.persistence.domain.ItemTest" time="0"/>
  <testcase name="itemNamesNotEqual" classname="com.qa.ims.persistence.domain.ItemTest" time="0"/>
  <testcase name="hashCodeTest" classname="com.qa.ims.persistence.domain.ItemTest" time="0"/>
  <testcase name="hashCodeTestWithNull" classname="com.qa.ims.persistence.domain.ItemTest" time="0"/>
  <testcase name="otherIdDifferent" classname="com.qa.ims.persistence.domain.ItemTest" time="0"/>
</testsuite>